c:\dev\opencv-unity-plugin-prototype\opencv\opencv\x64\release\vc142.pdb
c:\dev\opencv-unity-plugin-prototype\opencv\opencv\x64\release\source.obj
c:\dev\opencv-unity-object-tracking\opencv\opencv\x64\release\vc142.pdb
c:\dev\opencv-unity-object-tracking\opencv\opencv\x64\release\source.obj
c:\dev\opencv-unity-plugin-prototype\opencv\x64\release\opencv.dll
c:\dev\opencv-unity-plugin-prototype\opencv\x64\release\opencv.pdb
c:\dev\opencv-unity-object-tracking\opencv\x64\release\opencv.dll
c:\dev\opencv-unity-object-tracking\opencv\x64\release\opencv.pdb
c:\dev\opencv-unity-plugin-prototype\opencv\x64\release\opencv.lib
c:\dev\opencv-unity-plugin-prototype\opencv\x64\release\opencv.exp
c:\dev\opencv-unity-plugin-prototype\opencv\x64\release\opencv.ipdb
c:\dev\opencv-unity-plugin-prototype\opencv\x64\release\opencv.iobj
c:\dev\opencv-unity-object-tracking\opencv\x64\release\opencv.lib
c:\dev\opencv-unity-object-tracking\opencv\x64\release\opencv.exp
c:\dev\opencv-unity-object-tracking\opencv\x64\release\opencv.ipdb
c:\dev\opencv-unity-object-tracking\opencv\x64\release\opencv.iobj
c:\dev\opencv-unity-object-tracking\opencv\opencv\x64\release\opencv.tlog\cl.command.1.tlog
c:\dev\opencv-unity-object-tracking\opencv\opencv\x64\release\opencv.tlog\cl.read.1.tlog
c:\dev\opencv-unity-object-tracking\opencv\opencv\x64\release\opencv.tlog\cl.write.1.tlog
c:\dev\opencv-unity-object-tracking\opencv\opencv\x64\release\opencv.tlog\link.command.1.tlog
c:\dev\opencv-unity-object-tracking\opencv\opencv\x64\release\opencv.tlog\link.delete.1.tlog
c:\dev\opencv-unity-object-tracking\opencv\opencv\x64\release\opencv.tlog\link.read.1.tlog
c:\dev\opencv-unity-object-tracking\opencv\opencv\x64\release\opencv.tlog\link.write.1.tlog
c:\dev\opencv-unity-object-tracking\opencv\opencv\x64\release\opencv.tlog\opencv.write.1u.tlog
